2024-03-23 13:29:21,489 [Worker-7: Loading available Gradle versions] INFO  o.e.b.c.i.u.g.PublishedGradleVersions - Gradle version information cache is up-to-date. Trying to read.
2024-03-23 13:29:39,337 [Worker-4: Importing Maven projects] INFO  o.e.m.c.i.l.LifecycleMappingFactory - Using org.eclipse.m2e.jdt.JarLifecycleMapping lifecycle mapping for MavenProject: com.openclassroom:chatop:0.0.1-SNAPSHOT @ C:\Users\Julie\OneDrive\Documents\Ecole\OpenClassRoom\Projets\Projet03\Code\Developpez-le-back-end-en-utilisant-Java-et-Spring\backend\chatop\pom.xml.
2024-03-23 13:29:41,674 [Worker-4: Importing Maven projects] INFO  o.e.m.j.i.AbstractJavaProjectConfigurator - Adding source folder /chatop/src/main/java
2024-03-23 13:29:41,679 [Worker-4: Importing Maven projects] INFO  o.e.m.j.i.AbstractJavaProjectConfigurator - Adding resource folder /chatop/src/main/resources
2024-03-23 13:29:41,683 [Worker-4: Importing Maven projects] INFO  o.e.m.j.i.AbstractJavaProjectConfigurator - Adding resource folder /chatop/src/main/resources
2024-03-23 13:29:41,685 [Worker-4: Importing Maven projects] INFO  o.e.m.j.i.AbstractJavaProjectConfigurator - Adding source folder /chatop/src/test/java
2024-03-23 13:29:41,688 [Worker-4: Importing Maven projects] INFO  o.e.m.j.i.AbstractJavaProjectConfigurator - Adding resource folder /chatop/src/test/resources
2024-03-23 13:29:42,574 [Worker-4: Importing Maven projects] INFO  o.e.m.c.i.p.ProjectConfigurationManager - Imported and configured 1 project(s) in 4 sec
2024-03-23 13:29:44,245 [Worker-27: Building] INFO  o.a.m.s.f.DefaultMavenResourcesFiltering - Copying 1 resource from src\main\resources to target\classes
2024-03-23 13:29:44,268 [Worker-27: Building] INFO  o.a.m.s.f.DefaultMavenResourcesFiltering - Copying 0 resource from src\main\resources to target\classes
2024-03-23 13:29:44,279 [Worker-27: Building] INFO  o.a.m.s.f.DefaultMavenResourcesFiltering - skip non existing resourceDirectory C:\Users\Julie\OneDrive\Documents\Ecole\OpenClassRoom\Projets\Projet03\Code\Developpez-le-back-end-en-utilisant-Java-et-Spring\backend\chatop\src\test\resources
2024-03-23 13:31:12,190 [Worker-29: Building] INFO  o.a.m.s.f.DefaultMavenResourcesFiltering - Copying 1 resource from src\main\resources to target\classes
2024-03-23 13:31:12,200 [Worker-29: Building] INFO  o.a.m.s.f.DefaultMavenResourcesFiltering - Copying 0 resource from src\main\resources to target\classes
2024-03-23 13:31:12,207 [Worker-29: Building] INFO  o.a.m.s.f.DefaultMavenResourcesFiltering - skip non existing resourceDirectory C:\Users\Julie\OneDrive\Documents\Ecole\OpenClassRoom\Projets\Projet03\Code\Developpez-le-back-end-en-utilisant-Java-et-Spring\backend\chatop\src\test\resources
2024-03-24 13:42:18,717 [Worker-81: Building] INFO  o.e.m.c.i.l.LifecycleMappingFactory - Using org.eclipse.m2e.jdt.JarLifecycleMapping lifecycle mapping for MavenProject: com.openclassroom:chatop:0.0.1-SNAPSHOT @ C:\Users\Julie\OneDrive\Documents\Ecole\OpenClassRoom\Projets\Projet03\Code\Developpez-le-back-end-en-utilisant-Java-et-Spring\backend\chatop\pom.xml.
2024-03-24 13:42:19,331 [Worker-81: Building] INFO  o.e.m.c.i.e.AbstractTransferListenerAdapter - Downloading https://repo.maven.apache.org/maven2/org/modelmapper/modelmapper/3.2.0/modelmapper-3.2.0.pom
2024-03-24 13:42:19,345 [Worker-81: Building] INFO  o.e.m.c.i.e.AbstractTransferListenerAdapter - Downloaded https://repo.maven.apache.org/maven2/org/modelmapper/modelmapper/3.2.0/modelmapper-3.2.0.pom
2024-03-24 13:42:19,357 [Worker-81: Building] INFO  o.e.m.c.i.e.AbstractTransferListenerAdapter - Downloading https://repo.maven.apache.org/maven2/org/modelmapper/modelmapper-parent/3.2.0/modelmapper-parent-3.2.0.pom
2024-03-24 13:42:19,365 [Worker-81: Building] INFO  o.e.m.c.i.e.AbstractTransferListenerAdapter - Downloaded https://repo.maven.apache.org/maven2/org/modelmapper/modelmapper-parent/3.2.0/modelmapper-parent-3.2.0.pom
2024-03-24 13:42:19,647 [Worker-81: Building] INFO  o.e.m.c.i.e.AbstractTransferListenerAdapter - Downloading https://repo.maven.apache.org/maven2/org/modelmapper/modelmapper/3.2.0/modelmapper-3.2.0.jar
2024-03-24 13:42:19,781 [Worker-81: Building] INFO  o.e.m.c.i.e.AbstractTransferListenerAdapter - Downloaded https://repo.maven.apache.org/maven2/org/modelmapper/modelmapper/3.2.0/modelmapper-3.2.0.jar
2024-03-24 13:42:20,386 [Worker-81: Building] INFO  o.a.m.s.f.DefaultMavenResourcesFiltering - Copying 0 resource from src\main\resources to target\classes
2024-03-24 13:42:20,388 [Worker-81: Building] INFO  o.a.m.s.f.DefaultMavenResourcesFiltering - Copying 0 resource from src\main\resources to target\classes
2024-03-24 13:42:20,395 [Worker-81: Building] INFO  o.a.m.s.f.DefaultMavenResourcesFiltering - skip non existing resourceDirectory C:\Users\Julie\OneDrive\Documents\Ecole\OpenClassRoom\Projets\Projet03\Code\Developpez-le-back-end-en-utilisant-Java-et-Spring\backend\chatop\src\test\resources
2024-03-24 13:42:21,249 [Worker-79: Download sources and javadoc] INFO  o.e.m.c.i.e.AbstractTransferListenerAdapter - Downloading https://repo.maven.apache.org/maven2/org/modelmapper/modelmapper/3.2.0/modelmapper-3.2.0-sources.jar
2024-03-24 13:42:21,318 [Worker-79: Download sources and javadoc] INFO  o.e.m.c.i.e.AbstractTransferListenerAdapter - Downloaded https://repo.maven.apache.org/maven2/org/modelmapper/modelmapper/3.2.0/modelmapper-3.2.0-sources.jar
2024-03-24 13:42:21,324 [Worker-79: Download sources and javadoc] INFO  o.e.m.j.internal.DownloadSourcesJob - Downloaded sources for org.modelmapper:modelmapper:3.2.0
2024-03-24 13:42:22,134 [Worker-83: Building] INFO  o.a.m.s.f.DefaultMavenResourcesFiltering - Copying 1 resource from src\main\resources to target\classes
2024-03-24 13:42:22,154 [Worker-83: Building] INFO  o.a.m.s.f.DefaultMavenResourcesFiltering - Copying 0 resource from src\main\resources to target\classes
2024-03-24 13:42:22,159 [Worker-83: Building] INFO  o.a.m.s.f.DefaultMavenResourcesFiltering - skip non existing resourceDirectory C:\Users\Julie\OneDrive\Documents\Ecole\OpenClassRoom\Projets\Projet03\Code\Developpez-le-back-end-en-utilisant-Java-et-Spring\backend\chatop\src\test\resources
2024-03-24 13:45:35,740 [Worker-83: Building] INFO  o.a.m.s.f.DefaultMavenResourcesFiltering - Copying 1 resource from src\main\resources to target\classes
